2017-03-01 10:21:09,180 [WARN] from application in ForkJoinPool-1-worker-1 - Logger configuration in conf files is deprecated and has no effect. Use a logback configuration file instead.
2017-03-01 10:21:09,784 [WARN] from application in ForkJoinPool-1-worker-1 - application.conf @ file:/C:/Users/Nagarajan/Desktop/EXAMPLE%20PROJECTS/PLAY_AAMP/target/scala-2.11/classes/application.conf: 43: user is deprecated, use username instead
2017-03-01 10:21:09,796 [INFO] from application in ForkJoinPool-1-worker-1 - Creating Pool for datasource 'default'
2017-03-01 10:21:10,149 [INFO] from play.api.db.DefaultDBApi in ForkJoinPool-1-worker-1 - Database [default] connected at jdbc:mysql://localhost/play1
2017-03-01 10:21:10,162 [WARN] from application in ForkJoinPool-1-worker-1 - application.conf @ file:/C:/Users/Nagarajan/Desktop/EXAMPLE%20PROJECTS/PLAY_AAMP/target/scala-2.11/classes/application.conf: 52: applyEvolutions.default is deprecated, use play.evolutions.db.default.autoApply instead
2017-03-01 10:21:10,713 [WARN] from com.avaje.ebeaninternal.server.deploy.BeanDescriptorManager in ForkJoinPool-1-worker-1 - Bean [models.UserInfo] has no unique id set
2017-03-01 10:21:10,717 [WARN] from com.avaje.ebeaninternal.server.deploy.BeanDescriptorManager in ForkJoinPool-1-worker-1 - Bean [models.UserInfoDB] has no unique id set
2017-03-01 10:21:11,135 [WARN] from application in ForkJoinPool-1-worker-1 - application.langs is deprecated, use play.i18n.langs instead
2017-03-01 10:21:11,572 [INFO] from play.api.Play in ForkJoinPool-1-worker-1 - Application started (Dev)
2017-03-01 10:21:24,774 [WARN] from application in application-akka.actor.default-dispatcher-2 - application.conf @ file:/C:/Users/Nagarajan/Desktop/EXAMPLE%20PROJECTS/PLAY_AAMP/target/scala-2.11/classes/application.conf: 8: application.secret is deprecated, use play.crypto.secret instead
2017-03-01 10:28:43,216 [ERROR] from application in netty-event-loop-7 - 

! @737oppjgb - Internal server error, for (GET) [/computers] ->
 
play.sbt.PlayExceptions$CompilationException: Compilation error[value name is not a member of models.Computer]
	at play.sbt.PlayExceptions$CompilationException$.apply(PlayExceptions.scala:27)
	at play.sbt.PlayExceptions$CompilationException$.apply(PlayExceptions.scala:27)
	at scala.Option.map(Option.scala:145)
	at play.sbt.run.PlayReload$$anonfun$taskFailureHandler$1.apply(PlayReload.scala:49)
	at play.sbt.run.PlayReload$$anonfun$taskFailureHandler$1.apply(PlayReload.scala:44)
	at scala.Option.map(Option.scala:145)
	at play.sbt.run.PlayReload$.taskFailureHandler(PlayReload.scala:44)
	at play.sbt.run.PlayReload$.compileFailure(PlayReload.scala:40)
	at play.sbt.run.PlayReload$$anonfun$compile$1.apply(PlayReload.scala:17)
	at play.sbt.run.PlayReload$$anonfun$compile$1.apply(PlayReload.scala:17)
	at scala.util.Either$LeftProjection.map(Either.scala:377)
	at play.sbt.run.PlayReload$.compile(PlayReload.scala:17)
	at play.sbt.run.PlayRun$$anonfun$playRunTask$1$$anonfun$apply$2$$anonfun$apply$3$$anonfun$2.apply(PlayRun.scala:61)
	at play.sbt.run.PlayRun$$anonfun$playRunTask$1$$anonfun$apply$2$$anonfun$apply$3$$anonfun$2.apply(PlayRun.scala:61)
	at play.runsupport.Reloader$$anonfun$reload$1.apply(Reloader.scala:339)
	at play.runsupport.Reloader$$anon$3.run(Reloader.scala:44)
	at java.security.AccessController.doPrivileged(Native Method)
	at play.runsupport.Reloader$.play$runsupport$Reloader$$withReloaderContextClassLoader(Reloader.scala:40)
	at play.runsupport.Reloader.reload(Reloader.scala:337)
	at play.core.server.DevServerStart$$anonfun$mainDev$1$$anon$1$$anonfun$get$1.apply(DevServerStart.scala:123)
	at play.core.server.DevServerStart$$anonfun$mainDev$1$$anon$1$$anonfun$get$1.apply(DevServerStart.scala:121)
	at scala.concurrent.impl.Future$PromiseCompletingRunnable.liftedTree1$1(Future.scala:24)
	at scala.concurrent.impl.Future$PromiseCompletingRunnable.run(Future.scala:24)
	at akka.dispatch.TaskInvocation.run(AbstractDispatcher.scala:39)
	at akka.dispatch.ForkJoinExecutorConfigurator$AkkaForkJoinTask.exec(AbstractDispatcher.scala:415)
	at scala.concurrent.forkjoin.ForkJoinTask.doExec(ForkJoinTask.java:260)
	at scala.concurrent.forkjoin.ForkJoinPool$WorkQueue.runTask(ForkJoinPool.java:1339)
	at scala.concurrent.forkjoin.ForkJoinPool.runWorker(ForkJoinPool.java:1979)
	at scala.concurrent.forkjoin.ForkJoinWorkerThread.run(ForkJoinWorkerThread.java:107)
2017-03-01 10:33:32,636 [ERROR] from application in netty-event-loop-7 - 

! @737p0g5ol - Internal server error, for (GET) [/computers] ->
 
play.sbt.PlayExceptions$CompilationException: Compilation error[cannot find symbol
  symbol:   variable name
  location: variable savedComputer of type models.Computer]
	at play.sbt.PlayExceptions$CompilationException$.apply(PlayExceptions.scala:27)
	at play.sbt.PlayExceptions$CompilationException$.apply(PlayExceptions.scala:27)
	at scala.Option.map(Option.scala:145)
	at play.sbt.run.PlayReload$$anonfun$taskFailureHandler$1.apply(PlayReload.scala:49)
	at play.sbt.run.PlayReload$$anonfun$taskFailureHandler$1.apply(PlayReload.scala:44)
	at scala.Option.map(Option.scala:145)
	at play.sbt.run.PlayReload$.taskFailureHandler(PlayReload.scala:44)
	at play.sbt.run.PlayReload$.compileFailure(PlayReload.scala:40)
	at play.sbt.run.PlayReload$$anonfun$compile$1.apply(PlayReload.scala:17)
	at play.sbt.run.PlayReload$$anonfun$compile$1.apply(PlayReload.scala:17)
	at scala.util.Either$LeftProjection.map(Either.scala:377)
	at play.sbt.run.PlayReload$.compile(PlayReload.scala:17)
	at play.sbt.run.PlayRun$$anonfun$playRunTask$1$$anonfun$apply$2$$anonfun$apply$3$$anonfun$2.apply(PlayRun.scala:61)
	at play.sbt.run.PlayRun$$anonfun$playRunTask$1$$anonfun$apply$2$$anonfun$apply$3$$anonfun$2.apply(PlayRun.scala:61)
	at play.runsupport.Reloader$$anonfun$reload$1.apply(Reloader.scala:339)
	at play.runsupport.Reloader$$anon$3.run(Reloader.scala:44)
	at java.security.AccessController.doPrivileged(Native Method)
	at play.runsupport.Reloader$.play$runsupport$Reloader$$withReloaderContextClassLoader(Reloader.scala:40)
	at play.runsupport.Reloader.reload(Reloader.scala:337)
	at play.core.server.DevServerStart$$anonfun$mainDev$1$$anon$1$$anonfun$get$1.apply(DevServerStart.scala:123)
	at play.core.server.DevServerStart$$anonfun$mainDev$1$$anon$1$$anonfun$get$1.apply(DevServerStart.scala:121)
	at scala.concurrent.impl.Future$PromiseCompletingRunnable.liftedTree1$1(Future.scala:24)
	at scala.concurrent.impl.Future$PromiseCompletingRunnable.run(Future.scala:24)
	at akka.dispatch.TaskInvocation.run(AbstractDispatcher.scala:39)
	at akka.dispatch.ForkJoinExecutorConfigurator$AkkaForkJoinTask.exec(AbstractDispatcher.scala:415)
	at scala.concurrent.forkjoin.ForkJoinTask.doExec(ForkJoinTask.java:260)
	at scala.concurrent.forkjoin.ForkJoinPool$WorkQueue.runTask(ForkJoinPool.java:1339)
	at scala.concurrent.forkjoin.ForkJoinPool.runWorker(ForkJoinPool.java:1979)
	at scala.concurrent.forkjoin.ForkJoinWorkerThread.run(ForkJoinWorkerThread.java:107)
2017-03-01 10:35:54,043 [INFO] from application in application-akka.actor.default-dispatcher-5 - Shutting down connection pool.
2017-03-01 10:35:54,095 [WARN] from application in application-akka.actor.default-dispatcher-5 - Logger configuration in conf files is deprecated and has no effect. Use a logback configuration file instead.
2017-03-01 10:35:54,163 [WARN] from application in application-akka.actor.default-dispatcher-5 - application.conf @ file:/C:/Users/Nagarajan/Desktop/EXAMPLE%20PROJECTS/PLAY_AAMP/target/scala-2.11/classes/application.conf: 43: user is deprecated, use username instead
2017-03-01 10:35:54,163 [INFO] from application in application-akka.actor.default-dispatcher-5 - Creating Pool for datasource 'default'
2017-03-01 10:35:54,187 [INFO] from play.api.db.DefaultDBApi in application-akka.actor.default-dispatcher-5 - Database [default] connected at jdbc:mysql://localhost/play1
2017-03-01 10:35:54,191 [WARN] from application in application-akka.actor.default-dispatcher-5 - application.conf @ file:/C:/Users/Nagarajan/Desktop/EXAMPLE%20PROJECTS/PLAY_AAMP/target/scala-2.11/classes/application.conf: 52: applyEvolutions.default is deprecated, use play.evolutions.db.default.autoApply instead
2017-03-01 10:35:54,231 [WARN] from com.avaje.ebeaninternal.server.deploy.BeanDescriptorManager in application-akka.actor.default-dispatcher-5 - Bean [models.UserInfo] has no unique id set
2017-03-01 10:35:54,235 [WARN] from com.avaje.ebeaninternal.server.deploy.BeanDescriptorManager in application-akka.actor.default-dispatcher-5 - Bean [models.UserInfoDB] has no unique id set
2017-03-01 10:35:54,283 [WARN] from application in application-akka.actor.default-dispatcher-5 - application.langs is deprecated, use play.i18n.langs instead
2017-03-01 10:35:54,335 [INFO] from play.api.Play in application-akka.actor.default-dispatcher-5 - Application started (Dev)
2017-03-01 10:35:54,343 [WARN] from application in application-akka.actor.default-dispatcher-2 - application.conf @ file:/C:/Users/Nagarajan/Desktop/EXAMPLE%20PROJECTS/PLAY_AAMP/target/scala-2.11/classes/application.conf: 8: application.secret is deprecated, use play.crypto.secret instead
